  undo+redo.c
d:\faculta\sem2\object oriented programming\labs\lab4\lab4 dynamic\undo+redo.h(13): error C2143: syntax error: missing ')' before '*'
d:\faculta\sem2\object oriented programming\labs\lab4\lab4 dynamic\undo+redo.h(13): error C2143: syntax error: missing '{' before '*'
d:\faculta\sem2\object oriented programming\labs\lab4\lab4 dynamic\undo+redo.h(13): error C2059: syntax error: ','
d:\faculta\sem2\object oriented programming\labs\lab4\lab4 dynamic\undo+redo.h(13): error C2059: syntax error: ')'
d:\faculta\sem2\object oriented programming\labs\lab4\lab4 dynamic\undo+redo.h(15): error C2143: syntax error: missing ')' before '*'
d:\faculta\sem2\object oriented programming\labs\lab4\lab4 dynamic\undo+redo.h(15): error C2143: syntax error: missing '{' before '*'
d:\faculta\sem2\object oriented programming\labs\lab4\lab4 dynamic\undo+redo.h(15): error C2143: syntax error: missing ';' before '*'
d:\faculta\sem2\object oriented programming\labs\lab4\lab4 dynamic\undo+redo.h(15): error C2059: syntax error: ')'
d:\faculta\sem2\object oriented programming\labs\lab4\lab4 dynamic\undo+redo.h(17): error C2143: syntax error: missing ')' before '*'
d:\faculta\sem2\object oriented programming\labs\lab4\lab4 dynamic\undo+redo.h(17): error C2143: syntax error: missing '{' before '*'
d:\faculta\sem2\object oriented programming\labs\lab4\lab4 dynamic\undo+redo.h(17): error C2143: syntax error: missing ';' before '*'
d:\faculta\sem2\object oriented programming\labs\lab4\lab4 dynamic\undo+redo.h(17): error C2371: 'lastPerformedOperation': redefinition; different basic types
  d:\faculta\sem2\object oriented programming\labs\lab4\lab4 dynamic\undo+redo.h(9): note: see declaration of 'lastPerformedOperation'
d:\faculta\sem2\object oriented programming\labs\lab4\lab4 dynamic\undo+redo.h(17): error C2059: syntax error: ')'
d:\faculta\sem2\object oriented programming\labs\lab4\lab4 dynamic\header.h(20): error C2371: 'DynamicSignals': redefinition; different basic types
  d:\faculta\sem2\object oriented programming\labs\lab4\lab4 dynamic\undo+redo.h(17): note: see declaration of 'DynamicSignals'
d:\faculta\sem2\object oriented programming\labs\lab4\lab4 dynamic\header.h(22): error C2143: syntax error: missing ')' before '*'
d:\faculta\sem2\object oriented programming\labs\lab4\lab4 dynamic\header.h(22): error C2143: syntax error: missing '{' before '*'
d:\faculta\sem2\object oriented programming\labs\lab4\lab4 dynamic\header.h(22): error C2059: syntax error: ')'
d:\faculta\sem2\object oriented programming\labs\lab4\lab4 dynamic\header.h(24): error C2143: syntax error: missing ')' before '*'
d:\faculta\sem2\object oriented programming\labs\lab4\lab4 dynamic\header.h(24): error C2143: syntax error: missing '{' before '*'
d:\faculta\sem2\object oriented programming\labs\lab4\lab4 dynamic\header.h(24): error C2059: syntax error: 'type'
d:\faculta\sem2\object oriented programming\labs\lab4\lab4 dynamic\header.h(24): error C2059: syntax error: ')'
d:\faculta\sem2\object oriented programming\labs\lab4\lab4 dynamic\header.h(26): error C2143: syntax error: missing '{' before '*'
d:\faculta\sem2\object oriented programming\labs\lab4\lab4 dynamic\header.h(28): error C2143: syntax error: missing ')' before '*'
d:\faculta\sem2\object oriented programming\labs\lab4\lab4 dynamic\header.h(28): error C2143: syntax error: missing '{' before '*'
d:\faculta\sem2\object oriented programming\labs\lab4\lab4 dynamic\header.h(28): error C2059: syntax error: ','
d:\faculta\sem2\object oriented programming\labs\lab4\lab4 dynamic\header.h(28): error C2059: syntax error: ')'
d:\faculta\sem2\object oriented programming\labs\lab4\lab4 dynamic\header.h(30): error C2143: syntax error: missing ')' before '*'
d:\faculta\sem2\object oriented programming\labs\lab4\lab4 dynamic\header.h(30): error C2143: syntax error: missing '{' before '*'
d:\faculta\sem2\object oriented programming\labs\lab4\lab4 dynamic\header.h(30): error C2059: syntax error: ','
d:\faculta\sem2\object oriented programming\labs\lab4\lab4 dynamic\header.h(30): error C2059: syntax error: ')'
d:\faculta\sem2\object oriented programming\labs\lab4\lab4 dynamic\header.h(32): error C2143: syntax error: missing ')' before '*'
d:\faculta\sem2\object oriented programming\labs\lab4\lab4 dynamic\header.h(32): error C2143: syntax error: missing '{' before '*'
d:\faculta\sem2\object oriented programming\labs\lab4\lab4 dynamic\header.h(32): error C2059: syntax error: ')'
d:\faculta\sem2\object oriented programming\labs\lab4\lab4 dynamic\header.h(32): error C2059: syntax error: ';'
d:\faculta\sem2\object oriented programming\labs\lab4\lab4 dynamic\header.h(34): error C2143: syntax error: missing ')' before '*'
d:\faculta\sem2\object oriented programming\labs\lab4\lab4 dynamic\header.h(34): error C2143: syntax error: missing '{' before '*'
d:\faculta\sem2\object oriented programming\labs\lab4\lab4 dynamic\header.h(34): error C2059: syntax error: ')'
d:\faculta\sem2\object oriented programming\labs\lab4\lab4 dynamic\header.h(36): error C2143: syntax error: missing ')' before '*'
d:\faculta\sem2\object oriented programming\labs\lab4\lab4 dynamic\header.h(36): error C2143: syntax error: missing '{' before '*'
d:\faculta\sem2\object oriented programming\labs\lab4\lab4 dynamic\header.h(36): error C2059: syntax error: 'type'
d:\faculta\sem2\object oriented programming\labs\lab4\lab4 dynamic\header.h(36): error C2059: syntax error: ')'
d:\faculta\sem2\object oriented programming\labs\lab4\lab4 dynamic\header.h(38): error C2143: syntax error: missing ')' before '*'
d:\faculta\sem2\object oriented programming\labs\lab4\lab4 dynamic\header.h(38): error C2143: syntax error: missing '{' before '*'
d:\faculta\sem2\object oriented programming\labs\lab4\lab4 dynamic\header.h(38): error C2143: syntax error: missing ';' before '*'
d:\faculta\sem2\object oriented programming\labs\lab4\lab4 dynamic\header.h(38): error C2371: 'lastPerformedOperation': redefinition; different basic types
  d:\faculta\sem2\object oriented programming\labs\lab4\lab4 dynamic\undo+redo.h(9): note: see declaration of 'lastPerformedOperation'
d:\faculta\sem2\object oriented programming\labs\lab4\lab4 dynamic\header.h(38): error C2059: syntax error: ')'
d:\faculta\sem2\object oriented programming\labs\lab4\lab4 dynamic\header.h(40): error C2143: syntax error: missing ')' before '*'
d:\faculta\sem2\object oriented programming\labs\lab4\lab4 dynamic\header.h(40): error C2143: syntax error: missing '{' before '*'
d:\faculta\sem2\object oriented programming\labs\lab4\lab4 dynamic\header.h(40): error C2143: syntax error: missing ';' before '*'
d:\faculta\sem2\object oriented programming\labs\lab4\lab4 dynamic\header.h(40): error C2371: 'lastPerformedOperation': redefinition; different basic types
  d:\faculta\sem2\object oriented programming\labs\lab4\lab4 dynamic\undo+redo.h(9): note: see declaration of 'lastPerformedOperation'
d:\faculta\sem2\object oriented programming\labs\lab4\lab4 dynamic\header.h(40): error C2059: syntax error: ')'
d:\faculta\sem2\object oriented programming\labs\lab4\lab4 dynamic\header.h(42): error C2143: syntax error: missing ')' before '*'
d:\faculta\sem2\object oriented programming\labs\lab4\lab4 dynamic\header.h(42): error C2143: syntax error: missing '{' before '*'
d:\faculta\sem2\object oriented programming\labs\lab4\lab4 dynamic\header.h(42): error C2059: syntax error: 'type'
d:\faculta\sem2\object oriented programming\labs\lab4\lab4 dynamic\header.h(42): error C2059: syntax error: ')'
d:\faculta\sem2\object oriented programming\labs\lab4\lab4 dynamic\controller.h(10): error C2371: 'signal': redefinition; different basic types
  d:\faculta\sem2\object oriented programming\labs\lab4\lab4 dynamic\header.h(14): note: see declaration of 'signal'
d:\faculta\sem2\object oriented programming\labs\lab4\lab4 dynamic\controller.h(16): error C2371: 'DynamicSignals': redefinition; different basic types
  d:\faculta\sem2\object oriented programming\labs\lab4\lab4 dynamic\header.h(40): note: see declaration of 'DynamicSignals'
d:\faculta\sem2\object oriented programming\labs\lab4\lab4 dynamic\controller.h(18): error C2143: syntax error: missing ')' before '*'
d:\faculta\sem2\object oriented programming\labs\lab4\lab4 dynamic\controller.h(18): error C2143: syntax error: missing '{' before '*'
d:\faculta\sem2\object oriented programming\labs\lab4\lab4 dynamic\controller.h(18): error C2059: syntax error: ')'
d:\faculta\sem2\object oriented programming\labs\lab4\lab4 dynamic\controller.h(20): error C2143: syntax error: missing ')' before '*'
d:\faculta\sem2\object oriented programming\labs\lab4\lab4 dynamic\controller.h(20): error C2143: syntax error: missing '{' before '*'
d:\faculta\sem2\object oriented programming\labs\lab4\lab4 dynamic\controller.h(20): error C2059: syntax error: 'type'
d:\faculta\sem2\object oriented programming\labs\lab4\lab4 dynamic\controller.h(20): error C2059: syntax error: ')'
d:\faculta\sem2\object oriented programming\labs\lab4\lab4 dynamic\controller.h(22): error C2143: syntax error: missing '{' before '*'
d:\faculta\sem2\object oriented programming\labs\lab4\lab4 dynamic\controller.h(24): error C2143: syntax error: missing ')' before '*'
d:\faculta\sem2\object oriented programming\labs\lab4\lab4 dynamic\controller.h(24): error C2143: syntax error: missing '{' before '*'
d:\faculta\sem2\object oriented programming\labs\lab4\lab4 dynamic\controller.h(24): error C2059: syntax error: ','
d:\faculta\sem2\object oriented programming\labs\lab4\lab4 dynamic\controller.h(24): error C2059: syntax error: ')'
d:\faculta\sem2\object oriented programming\labs\lab4\lab4 dynamic\controller.h(26): error C2143: syntax error: missing ')' before '*'
d:\faculta\sem2\object oriented programming\labs\lab4\lab4 dynamic\controller.h(26): error C2143: syntax error: missing '{' before '*'
d:\faculta\sem2\object oriented programming\labs\lab4\lab4 dynamic\controller.h(26): error C2059: syntax error: ','
d:\faculta\sem2\object oriented programming\labs\lab4\lab4 dynamic\controller.h(26): error C2059: syntax error: ')'
d:\faculta\sem2\object oriented programming\labs\lab4\lab4 dynamic\controller.h(28): error C2143: syntax error: missing ')' before '*'
d:\faculta\sem2\object oriented programming\labs\lab4\lab4 dynamic\controller.h(28): error C2143: syntax error: missing '{' before '*'
d:\faculta\sem2\object oriented programming\labs\lab4\lab4 dynamic\controller.h(28): error C2059: syntax error: ')'
d:\faculta\sem2\object oriented programming\labs\lab4\lab4 dynamic\controller.h(28): error C2059: syntax error: ';'
d:\faculta\sem2\object oriented programming\labs\lab4\lab4 dynamic\controller.h(30): error C2143: syntax error: missing ')' before '*'
d:\faculta\sem2\object oriented programming\labs\lab4\lab4 dynamic\controller.h(30): error C2143: syntax error: missing '{' before '*'
d:\faculta\sem2\object oriented programming\labs\lab4\lab4 dynamic\controller.h(30): error C2059: syntax error: ')'
d:\faculta\sem2\object oriented programming\labs\lab4\lab4 dynamic\controller.h(32): error C2143: syntax error: missing ')' before '*'
d:\faculta\sem2\object oriented programming\labs\lab4\lab4 dynamic\controller.h(32): error C2143: syntax error: missing '{' before '*'
d:\faculta\sem2\object oriented programming\labs\lab4\lab4 dynamic\controller.h(32): error C2059: syntax error: 'type'
d:\faculta\sem2\object oriented programming\labs\lab4\lab4 dynamic\controller.h(32): error C2059: syntax error: ')'
d:\faculta\sem2\object oriented programming\labs\lab4\lab4 dynamic\controller.h(38): error C2143: syntax error: missing ')' before '*'
d:\faculta\sem2\object oriented programming\labs\lab4\lab4 dynamic\controller.h(38): error C2143: syntax error: missing '{' before '*'
d:\faculta\sem2\object oriented programming\labs\lab4\lab4 dynamic\controller.h(38): error C2059: syntax error: 'type'
d:\faculta\sem2\object oriented programming\labs\lab4\lab4 dynamic\controller.h(38): error C2059: syntax error: ')'
d:\faculta\sem2\object oriented programming\labs\lab4\lab4 dynamic\undo+redo.c(6): error C2143: syntax error: missing '{' before '*'
d:\faculta\sem2\object oriented programming\labs\lab4\lab4 dynamic\undo+redo.c(6): error C2143: syntax error: missing ')' before '*'
d:\faculta\sem2\object oriented programming\labs\lab4\lab4 dynamic\undo+redo.c(6): error C2059: syntax error: 'type'
d:\faculta\sem2\object oriented programming\labs\lab4\lab4 dynamic\undo+redo.c(6): error C2059: syntax error: ')'
d:\faculta\sem2\object oriented programming\labs\lab4\lab4 dynamic\undo+redo.c(18): error C2143: syntax error: missing ')' before '*'
d:\faculta\sem2\object oriented programming\labs\lab4\lab4 dynamic\undo+redo.c(18): error C2143: syntax error: missing '{' before '*'
d:\faculta\sem2\object oriented programming\labs\lab4\lab4 dynamic\undo+redo.c(18): error C2059: syntax error: 'type'
d:\faculta\sem2\object oriented programming\labs\lab4\lab4 dynamic\undo+redo.c(18): error C2059: syntax error: ')'
d:\faculta\sem2\object oriented programming\labs\lab4\lab4 dynamic\undo+redo.c(31): error C2143: syntax error: missing '{' before '*'
d:\faculta\sem2\object oriented programming\labs\lab4\lab4 dynamic\undo+redo.c(31): error C2143: syntax error: missing ')' before '*'
d:\faculta\sem2\object oriented programming\labs\lab4\lab4 dynamic\undo+redo.c(31): error C2059: syntax error: 'type'
d:\faculta\sem2\object oriented programming\labs\lab4\lab4 dynamic\undo+redo.c(31): error C2059: syntax error: ')'
d:\faculta\sem2\object oriented programming\labs\lab4\lab4 dynamic\undo+redo.c(82): error C2143: syntax error: missing ')' before '*'
d:\faculta\sem2\object oriented programming\labs\lab4\lab4 dynamic\undo+redo.c(82): fatal error C1003: error count exceeds 100; stopping compilation
  tests.c
d:\faculta\sem2\object oriented programming\labs\lab4\lab4 dynamic\undo+redo.h(13): error C2143: syntax error: missing ')' before '*'
d:\faculta\sem2\object oriented programming\labs\lab4\lab4 dynamic\undo+redo.h(13): error C2143: syntax error: missing '{' before '*'
d:\faculta\sem2\object oriented programming\labs\lab4\lab4 dynamic\undo+redo.h(13): error C2059: syntax error: ','
d:\faculta\sem2\object oriented programming\labs\lab4\lab4 dynamic\undo+redo.h(13): error C2059: syntax error: ')'
d:\faculta\sem2\object oriented programming\labs\lab4\lab4 dynamic\undo+redo.h(15): error C2143: syntax error: missing ')' before '*'
d:\faculta\sem2\object oriented programming\labs\lab4\lab4 dynamic\undo+redo.h(15): error C2143: syntax error: missing '{' before '*'
d:\faculta\sem2\object oriented programming\labs\lab4\lab4 dynamic\undo+redo.h(15): error C2143: syntax error: missing ';' before '*'
d:\faculta\sem2\object oriented programming\labs\lab4\lab4 dynamic\undo+redo.h(15): error C2059: syntax error: ')'
d:\faculta\sem2\object oriented programming\labs\lab4\lab4 dynamic\undo+redo.h(17): error C2143: syntax error: missing ')' before '*'
d:\faculta\sem2\object oriented programming\labs\lab4\lab4 dynamic\undo+redo.h(17): error C2143: syntax error: missing '{' before '*'
d:\faculta\sem2\object oriented programming\labs\lab4\lab4 dynamic\undo+redo.h(17): error C2143: syntax error: missing ';' before '*'
d:\faculta\sem2\object oriented programming\labs\lab4\lab4 dynamic\undo+redo.h(17): error C2371: 'lastPerformedOperation': redefinition; different basic types
  d:\faculta\sem2\object oriented programming\labs\lab4\lab4 dynamic\undo+redo.h(9): note: see declaration of 'lastPerformedOperation'
d:\faculta\sem2\object oriented programming\labs\lab4\lab4 dynamic\undo+redo.h(17): error C2059: syntax error: ')'
d:\faculta\sem2\object oriented programming\labs\lab4\lab4 dynamic\header.h(20): error C2371: 'DynamicSignals': redefinition; different basic types
  d:\faculta\sem2\object oriented programming\labs\lab4\lab4 dynamic\undo+redo.h(17): note: see declaration of 'DynamicSignals'
d:\faculta\sem2\object oriented programming\labs\lab4\lab4 dynamic\header.h(22): error C2143: syntax error: missing ')' before '*'
d:\faculta\sem2\object oriented programming\labs\lab4\lab4 dynamic\header.h(22): error C2143: syntax error: missing '{' before '*'
d:\faculta\sem2\object oriented programming\labs\lab4\lab4 dynamic\header.h(22): error C2059: syntax error: ')'
d:\faculta\sem2\object oriented programming\labs\lab4\lab4 dynamic\header.h(24): error C2143: syntax error: missing ')' before '*'
d:\faculta\sem2\object oriented programming\labs\lab4\lab4 dynamic\header.h(24): error C2143: syntax error: missing '{' before '*'
d:\faculta\sem2\object oriented programming\labs\lab4\lab4 dynamic\header.h(24): error C2059: syntax error: 'type'
d:\faculta\sem2\object oriented programming\labs\lab4\lab4 dynamic\header.h(24): error C2059: syntax error: ')'
d:\faculta\sem2\object oriented programming\labs\lab4\lab4 dynamic\header.h(26): error C2143: syntax error: missing '{' before '*'
d:\faculta\sem2\object oriented programming\labs\lab4\lab4 dynamic\header.h(28): error C2143: syntax error: missing ')' before '*'
d:\faculta\sem2\object oriented programming\labs\lab4\lab4 dynamic\header.h(28): error C2143: syntax error: missing '{' before '*'
d:\faculta\sem2\object oriented programming\labs\lab4\lab4 dynamic\header.h(28): error C2059: syntax error: ','
d:\faculta\sem2\object oriented programming\labs\lab4\lab4 dynamic\header.h(28): error C2059: syntax error: ')'
d:\faculta\sem2\object oriented programming\labs\lab4\lab4 dynamic\header.h(30): error C2143: syntax error: missing ')' before '*'
d:\faculta\sem2\object oriented programming\labs\lab4\lab4 dynamic\header.h(30): error C2143: syntax error: missing '{' before '*'
d:\faculta\sem2\object oriented programming\labs\lab4\lab4 dynamic\header.h(30): error C2059: syntax error: ','
d:\faculta\sem2\object oriented programming\labs\lab4\lab4 dynamic\header.h(30): error C2059: syntax error: ')'
d:\faculta\sem2\object oriented programming\labs\lab4\lab4 dynamic\header.h(32): error C2143: syntax error: missing ')' before '*'
d:\faculta\sem2\object oriented programming\labs\lab4\lab4 dynamic\header.h(32): error C2143: syntax error: missing '{' before '*'
d:\faculta\sem2\object oriented programming\labs\lab4\lab4 dynamic\header.h(32): error C2059: syntax error: ')'
d:\faculta\sem2\object oriented programming\labs\lab4\lab4 dynamic\header.h(32): error C2059: syntax error: ';'
d:\faculta\sem2\object oriented programming\labs\lab4\lab4 dynamic\header.h(34): error C2143: syntax error: missing ')' before '*'
d:\faculta\sem2\object oriented programming\labs\lab4\lab4 dynamic\header.h(34): error C2143: syntax error: missing '{' before '*'
d:\faculta\sem2\object oriented programming\labs\lab4\lab4 dynamic\header.h(34): error C2059: syntax error: ')'
d:\faculta\sem2\object oriented programming\labs\lab4\lab4 dynamic\header.h(36): error C2143: syntax error: missing ')' before '*'
d:\faculta\sem2\object oriented programming\labs\lab4\lab4 dynamic\header.h(36): error C2143: syntax error: missing '{' before '*'
d:\faculta\sem2\object oriented programming\labs\lab4\lab4 dynamic\header.h(36): error C2059: syntax error: 'type'
d:\faculta\sem2\object oriented programming\labs\lab4\lab4 dynamic\header.h(36): error C2059: syntax error: ')'
d:\faculta\sem2\object oriented programming\labs\lab4\lab4 dynamic\header.h(38): error C2143: syntax error: missing ')' before '*'
d:\faculta\sem2\object oriented programming\labs\lab4\lab4 dynamic\header.h(38): error C2143: syntax error: missing '{' before '*'
d:\faculta\sem2\object oriented programming\labs\lab4\lab4 dynamic\header.h(38): error C2143: syntax error: missing ';' before '*'
d:\faculta\sem2\object oriented programming\labs\lab4\lab4 dynamic\header.h(38): error C2371: 'lastPerformedOperation': redefinition; different basic types
  d:\faculta\sem2\object oriented programming\labs\lab4\lab4 dynamic\undo+redo.h(9): note: see declaration of 'lastPerformedOperation'
d:\faculta\sem2\object oriented programming\labs\lab4\lab4 dynamic\header.h(38): error C2059: syntax error: ')'
d:\faculta\sem2\object oriented programming\labs\lab4\lab4 dynamic\header.h(40): error C2143: syntax error: missing ')' before '*'
d:\faculta\sem2\object oriented programming\labs\lab4\lab4 dynamic\header.h(40): error C2143: syntax error: missing '{' before '*'
d:\faculta\sem2\object oriented programming\labs\lab4\lab4 dynamic\header.h(40): error C2143: syntax error: missing ';' before '*'
d:\faculta\sem2\object oriented programming\labs\lab4\lab4 dynamic\header.h(40): error C2371: 'lastPerformedOperation': redefinition; different basic types
  d:\faculta\sem2\object oriented programming\labs\lab4\lab4 dynamic\undo+redo.h(9): note: see declaration of 'lastPerformedOperation'
d:\faculta\sem2\object oriented programming\labs\lab4\lab4 dynamic\header.h(40): error C2059: syntax error: ')'
d:\faculta\sem2\object oriented programming\labs\lab4\lab4 dynamic\header.h(42): error C2143: syntax error: missing ')' before '*'
d:\faculta\sem2\object oriented programming\labs\lab4\lab4 dynamic\header.h(42): error C2143: syntax error: missing '{' before '*'
d:\faculta\sem2\object oriented programming\labs\lab4\lab4 dynamic\header.h(42): error C2059: syntax error: 'type'
d:\faculta\sem2\object oriented programming\labs\lab4\lab4 dynamic\header.h(42): error C2059: syntax error: ')'
d:\faculta\sem2\object oriented programming\labs\lab4\lab4 dynamic\tests.c(20): error C2065: 'list': undeclared identifier
d:\faculta\sem2\object oriented programming\labs\lab4\lab4 dynamic\tests.c(20): warning C4047: '=': 'int' differs in levels of indirection from 'int *'
d:\faculta\sem2\object oriented programming\labs\lab4\lab4 dynamic\tests.c(20): error C2106: '=': left operand must be l-value
d:\faculta\sem2\object oriented programming\labs\lab4\lab4 dynamic\tests.c(21): error C2065: 'list': undeclared identifier
d:\faculta\sem2\object oriented programming\labs\lab4\lab4 dynamic\tests.c(21): warning C4047: '==': 'int' differs in levels of indirection from 'void *'
d:\faculta\sem2\object oriented programming\labs\lab4\lab4 dynamic\tests.c(23): error C2065: 'list': undeclared identifier
d:\faculta\sem2\object oriented programming\labs\lab4\lab4 dynamic\tests.c(23): error C2223: left of '->capacity' must point to struct/union
d:\faculta\sem2\object oriented programming\labs\lab4\lab4 dynamic\tests.c(24): error C2065: 'list': undeclared identifier
d:\faculta\sem2\object oriented programming\labs\lab4\lab4 dynamic\tests.c(24): error C2223: left of '->number_of_signals' must point to struct/union
d:\faculta\sem2\object oriented programming\labs\lab4\lab4 dynamic\tests.c(27): warning C4013: 'addSignal' undefined; assuming extern returning int
d:\faculta\sem2\object oriented programming\labs\lab4\lab4 dynamic\tests.c(27): error C2065: 'list': undeclared identifier
d:\faculta\sem2\object oriented programming\labs\lab4\lab4 dynamic\tests.c(29): error C2065: 'list': undeclared identifier
d:\faculta\sem2\object oriented programming\labs\lab4\lab4 dynamic\tests.c(30): error C2065: 'list': undeclared identifier
d:\faculta\sem2\object oriented programming\labs\lab4\lab4 dynamic\tests.c(30): error C2223: left of '->number_of_signals' must point to struct/union
d:\faculta\sem2\object oriented programming\labs\lab4\lab4 dynamic\tests.c(31): warning C4013: 'deleteSignal' undefined; assuming extern returning int
d:\faculta\sem2\object oriented programming\labs\lab4\lab4 dynamic\tests.c(31): error C2065: 'list': undeclared identifier
d:\faculta\sem2\object oriented programming\labs\lab4\lab4 dynamic\tests.c(32): error C2065: 'list': undeclared identifier
d:\faculta\sem2\object oriented programming\labs\lab4\lab4 dynamic\tests.c(32): error C2223: left of '->number_of_signals' must point to struct/union
d:\faculta\sem2\object oriented programming\labs\lab4\lab4 dynamic\tests.c(34): warning C4013: 'destroy_array' undefined; assuming extern returning int
d:\faculta\sem2\object oriented programming\labs\lab4\lab4 dynamic\tests.c(34): error C2065: 'list': undeclared identifier
  main.c
d:\faculta\sem2\object oriented programming\labs\lab4\lab4 dynamic\undo+redo.h(13): error C2143: syntax error: missing ')' before '*'
d:\faculta\sem2\object oriented programming\labs\lab4\lab4 dynamic\undo+redo.h(13): error C2143: syntax error: missing '{' before '*'
d:\faculta\sem2\object oriented programming\labs\lab4\lab4 dynamic\undo+redo.h(13): error C2059: syntax error: ','
d:\faculta\sem2\object oriented programming\labs\lab4\lab4 dynamic\undo+redo.h(13): error C2059: syntax error: ')'
d:\faculta\sem2\object oriented programming\labs\lab4\lab4 dynamic\undo+redo.h(15): error C2143: syntax error: missing ')' before '*'
d:\faculta\sem2\object oriented programming\labs\lab4\lab4 dynamic\undo+redo.h(15): error C2143: syntax error: missing '{' before '*'
d:\faculta\sem2\object oriented programming\labs\lab4\lab4 dynamic\undo+redo.h(15): error C2143: syntax error: missing ';' before '*'
d:\faculta\sem2\object oriented programming\labs\lab4\lab4 dynamic\undo+redo.h(15): error C2059: syntax error: ')'
d:\faculta\sem2\object oriented programming\labs\lab4\lab4 dynamic\undo+redo.h(17): error C2143: syntax error: missing ')' before '*'
d:\faculta\sem2\object oriented programming\labs\lab4\lab4 dynamic\undo+redo.h(17): error C2143: syntax error: missing '{' before '*'
d:\faculta\sem2\object oriented programming\labs\lab4\lab4 dynamic\undo+redo.h(17): error C2143: syntax error: missing ';' before '*'
d:\faculta\sem2\object oriented programming\labs\lab4\lab4 dynamic\undo+redo.h(17): error C2371: 'lastPerformedOperation': redefinition; different basic types
  d:\faculta\sem2\object oriented programming\labs\lab4\lab4 dynamic\undo+redo.h(9): note: see declaration of 'lastPerformedOperation'
d:\faculta\sem2\object oriented programming\labs\lab4\lab4 dynamic\undo+redo.h(17): error C2059: syntax error: ')'
d:\faculta\sem2\object oriented programming\labs\lab4\lab4 dynamic\header.h(20): error C2371: 'DynamicSignals': redefinition; different basic types
  d:\faculta\sem2\object oriented programming\labs\lab4\lab4 dynamic\undo+redo.h(17): note: see declaration of 'DynamicSignals'
d:\faculta\sem2\object oriented programming\labs\lab4\lab4 dynamic\header.h(22): error C2143: syntax error: missing ')' before '*'
d:\faculta\sem2\object oriented programming\labs\lab4\lab4 dynamic\header.h(22): error C2143: syntax error: missing '{' before '*'
d:\faculta\sem2\object oriented programming\labs\lab4\lab4 dynamic\header.h(22): error C2059: syntax error: ')'
d:\faculta\sem2\object oriented programming\labs\lab4\lab4 dynamic\header.h(24): error C2143: syntax error: missing ')' before '*'
d:\faculta\sem2\object oriented programming\labs\lab4\lab4 dynamic\header.h(24): error C2143: syntax error: missing '{' before '*'
d:\faculta\sem2\object oriented programming\labs\lab4\lab4 dynamic\header.h(24): error C2059: syntax error: 'type'
d:\faculta\sem2\object oriented programming\labs\lab4\lab4 dynamic\header.h(24): error C2059: syntax error: ')'
d:\faculta\sem2\object oriented programming\labs\lab4\lab4 dynamic\header.h(26): error C2143: syntax error: missing '{' before '*'
d:\faculta\sem2\object oriented programming\labs\lab4\lab4 dynamic\header.h(28): error C2143: syntax error: missing ')' before '*'
d:\faculta\sem2\object oriented programming\labs\lab4\lab4 dynamic\header.h(28): error C2143: syntax error: missing '{' before '*'
d:\faculta\sem2\object oriented programming\labs\lab4\lab4 dynamic\header.h(28): error C2059: syntax error: ','
d:\faculta\sem2\object oriented programming\labs\lab4\lab4 dynamic\header.h(28): error C2059: syntax error: ')'
d:\faculta\sem2\object oriented programming\labs\lab4\lab4 dynamic\header.h(30): error C2143: syntax error: missing ')' before '*'
d:\faculta\sem2\object oriented programming\labs\lab4\lab4 dynamic\header.h(30): error C2143: syntax error: missing '{' before '*'
d:\faculta\sem2\object oriented programming\labs\lab4\lab4 dynamic\header.h(30): error C2059: syntax error: ','
d:\faculta\sem2\object oriented programming\labs\lab4\lab4 dynamic\header.h(30): error C2059: syntax error: ')'
d:\faculta\sem2\object oriented programming\labs\lab4\lab4 dynamic\header.h(32): error C2143: syntax error: missing ')' before '*'
d:\faculta\sem2\object oriented programming\labs\lab4\lab4 dynamic\header.h(32): error C2143: syntax error: missing '{' before '*'
d:\faculta\sem2\object oriented programming\labs\lab4\lab4 dynamic\header.h(32): error C2059: syntax error: ')'
d:\faculta\sem2\object oriented programming\labs\lab4\lab4 dynamic\header.h(32): error C2059: syntax error: ';'
d:\faculta\sem2\object oriented programming\labs\lab4\lab4 dynamic\header.h(34): error C2143: syntax error: missing ')' before '*'
d:\faculta\sem2\object oriented programming\labs\lab4\lab4 dynamic\header.h(34): error C2143: syntax error: missing '{' before '*'
d:\faculta\sem2\object oriented programming\labs\lab4\lab4 dynamic\header.h(34): error C2059: syntax error: ')'
d:\faculta\sem2\object oriented programming\labs\lab4\lab4 dynamic\header.h(36): error C2143: syntax error: missing ')' before '*'
d:\faculta\sem2\object oriented programming\labs\lab4\lab4 dynamic\header.h(36): error C2143: syntax error: missing '{' before '*'
d:\faculta\sem2\object oriented programming\labs\lab4\lab4 dynamic\header.h(36): error C2059: syntax error: 'type'
d:\faculta\sem2\object oriented programming\labs\lab4\lab4 dynamic\header.h(36): error C2059: syntax error: ')'
d:\faculta\sem2\object oriented programming\labs\lab4\lab4 dynamic\header.h(38): error C2143: syntax error: missing ')' before '*'
d:\faculta\sem2\object oriented programming\labs\lab4\lab4 dynamic\header.h(38): error C2143: syntax error: missing '{' before '*'
d:\faculta\sem2\object oriented programming\labs\lab4\lab4 dynamic\header.h(38): error C2143: syntax error: missing ';' before '*'
d:\faculta\sem2\object oriented programming\labs\lab4\lab4 dynamic\header.h(38): error C2371: 'lastPerformedOperation': redefinition; different basic types
  d:\faculta\sem2\object oriented programming\labs\lab4\lab4 dynamic\undo+redo.h(9): note: see declaration of 'lastPerformedOperation'
d:\faculta\sem2\object oriented programming\labs\lab4\lab4 dynamic\header.h(38): error C2059: syntax error: ')'
d:\faculta\sem2\object oriented programming\labs\lab4\lab4 dynamic\header.h(40): error C2143: syntax error: missing ')' before '*'
d:\faculta\sem2\object oriented programming\labs\lab4\lab4 dynamic\header.h(40): error C2143: syntax error: missing '{' before '*'
d:\faculta\sem2\object oriented programming\labs\lab4\lab4 dynamic\header.h(40): error C2143: syntax error: missing ';' before '*'
d:\faculta\sem2\object oriented programming\labs\lab4\lab4 dynamic\header.h(40): error C2371: 'lastPerformedOperation': redefinition; different basic types
  d:\faculta\sem2\object oriented programming\labs\lab4\lab4 dynamic\undo+redo.h(9): note: see declaration of 'lastPerformedOperation'
d:\faculta\sem2\object oriented programming\labs\lab4\lab4 dynamic\header.h(40): error C2059: syntax error: ')'
d:\faculta\sem2\object oriented programming\labs\lab4\lab4 dynamic\header.h(42): error C2143: syntax error: missing ')' before '*'
d:\faculta\sem2\object oriented programming\labs\lab4\lab4 dynamic\header.h(42): error C2143: syntax error: missing '{' before '*'
d:\faculta\sem2\object oriented programming\labs\lab4\lab4 dynamic\header.h(42): error C2059: syntax error: 'type'
d:\faculta\sem2\object oriented programming\labs\lab4\lab4 dynamic\header.h(42): error C2059: syntax error: ')'
  dynamicArray.c
d:\faculta\sem2\object oriented programming\labs\lab4\lab4 dynamic\undo+redo.h(13): error C2143: syntax error: missing ')' before '*'
d:\faculta\sem2\object oriented programming\labs\lab4\lab4 dynamic\undo+redo.h(13): error C2143: syntax error: missing '{' before '*'
d:\faculta\sem2\object oriented programming\labs\lab4\lab4 dynamic\undo+redo.h(13): error C2059: syntax error: ','
d:\faculta\sem2\object oriented programming\labs\lab4\lab4 dynamic\undo+redo.h(13): error C2059: syntax error: ')'
d:\faculta\sem2\object oriented programming\labs\lab4\lab4 dynamic\undo+redo.h(15): error C2143: syntax error: missing ')' before '*'
d:\faculta\sem2\object oriented programming\labs\lab4\lab4 dynamic\undo+redo.h(15): error C2143: syntax error: missing '{' before '*'
d:\faculta\sem2\object oriented programming\labs\lab4\lab4 dynamic\undo+redo.h(15): error C2143: syntax error: missing ';' before '*'
d:\faculta\sem2\object oriented programming\labs\lab4\lab4 dynamic\undo+redo.h(15): error C2059: syntax error: ')'
d:\faculta\sem2\object oriented programming\labs\lab4\lab4 dynamic\undo+redo.h(17): error C2143: syntax error: missing ')' before '*'
d:\faculta\sem2\object oriented programming\labs\lab4\lab4 dynamic\undo+redo.h(17): error C2143: syntax error: missing '{' before '*'
d:\faculta\sem2\object oriented programming\labs\lab4\lab4 dynamic\undo+redo.h(17): error C2143: syntax error: missing ';' before '*'
d:\faculta\sem2\object oriented programming\labs\lab4\lab4 dynamic\undo+redo.h(17): error C2371: 'lastPerformedOperation': redefinition; different basic types
  d:\faculta\sem2\object oriented programming\labs\lab4\lab4 dynamic\undo+redo.h(9): note: see declaration of 'lastPerformedOperation'
d:\faculta\sem2\object oriented programming\labs\lab4\lab4 dynamic\undo+redo.h(17): error C2059: syntax error: ')'
d:\faculta\sem2\object oriented programming\labs\lab4\lab4 dynamic\header.h(20): error C2371: 'DynamicSignals': redefinition; different basic types
  d:\faculta\sem2\object oriented programming\labs\lab4\lab4 dynamic\undo+redo.h(17): note: see declaration of 'DynamicSignals'
d:\faculta\sem2\object oriented programming\labs\lab4\lab4 dynamic\header.h(22): error C2143: syntax error: missing ')' before '*'
d:\faculta\sem2\object oriented programming\labs\lab4\lab4 dynamic\header.h(22): error C2143: syntax error: missing '{' before '*'
d:\faculta\sem2\object oriented programming\labs\lab4\lab4 dynamic\header.h(22): error C2059: syntax error: ')'
d:\faculta\sem2\object oriented programming\labs\lab4\lab4 dynamic\header.h(24): error C2143: syntax error: missing ')' before '*'
d:\faculta\sem2\object oriented programming\labs\lab4\lab4 dynamic\header.h(24): error C2143: syntax error: missing '{' before '*'
d:\faculta\sem2\object oriented programming\labs\lab4\lab4 dynamic\header.h(24): error C2059: syntax error: 'type'
d:\faculta\sem2\object oriented programming\labs\lab4\lab4 dynamic\header.h(24): error C2059: syntax error: ')'
d:\faculta\sem2\object oriented programming\labs\lab4\lab4 dynamic\header.h(26): error C2143: syntax error: missing '{' before '*'
d:\faculta\sem2\object oriented programming\labs\lab4\lab4 dynamic\header.h(28): error C2143: syntax error: missing ')' before '*'
d:\faculta\sem2\object oriented programming\labs\lab4\lab4 dynamic\header.h(28): error C2143: syntax error: missing '{' before '*'
d:\faculta\sem2\object oriented programming\labs\lab4\lab4 dynamic\header.h(28): error C2059: syntax error: ','
d:\faculta\sem2\object oriented programming\labs\lab4\lab4 dynamic\header.h(28): error C2059: syntax error: ')'
d:\faculta\sem2\object oriented programming\labs\lab4\lab4 dynamic\header.h(30): error C2143: syntax error: missing ')' before '*'
d:\faculta\sem2\object oriented programming\labs\lab4\lab4 dynamic\header.h(30): error C2143: syntax error: missing '{' before '*'
d:\faculta\sem2\object oriented programming\labs\lab4\lab4 dynamic\header.h(30): error C2059: syntax error: ','
d:\faculta\sem2\object oriented programming\labs\lab4\lab4 dynamic\header.h(30): error C2059: syntax error: ')'
d:\faculta\sem2\object oriented programming\labs\lab4\lab4 dynamic\header.h(32): error C2143: syntax error: missing ')' before '*'
d:\faculta\sem2\object oriented programming\labs\lab4\lab4 dynamic\header.h(32): error C2143: syntax error: missing '{' before '*'
d:\faculta\sem2\object oriented programming\labs\lab4\lab4 dynamic\header.h(32): error C2059: syntax error: ')'
d:\faculta\sem2\object oriented programming\labs\lab4\lab4 dynamic\header.h(32): error C2059: syntax error: ';'
d:\faculta\sem2\object oriented programming\labs\lab4\lab4 dynamic\header.h(34): error C2143: syntax error: missing ')' before '*'
d:\faculta\sem2\object oriented programming\labs\lab4\lab4 dynamic\header.h(34): error C2143: syntax error: missing '{' before '*'
d:\faculta\sem2\object oriented programming\labs\lab4\lab4 dynamic\header.h(34): error C2059: syntax error: ')'
d:\faculta\sem2\object oriented programming\labs\lab4\lab4 dynamic\header.h(36): error C2143: syntax error: missing ')' before '*'
d:\faculta\sem2\object oriented programming\labs\lab4\lab4 dynamic\header.h(36): error C2143: syntax error: missing '{' before '*'
d:\faculta\sem2\object oriented programming\labs\lab4\lab4 dynamic\header.h(36): error C2059: syntax error: 'type'
d:\faculta\sem2\object oriented programming\labs\lab4\lab4 dynamic\header.h(36): error C2059: syntax error: ')'
d:\faculta\sem2\object oriented programming\labs\lab4\lab4 dynamic\header.h(38): error C2143: syntax error: missing ')' before '*'
d:\faculta\sem2\object oriented programming\labs\lab4\lab4 dynamic\header.h(38): error C2143: syntax error: missing '{' before '*'
d:\faculta\sem2\object oriented programming\labs\lab4\lab4 dynamic\header.h(38): error C2143: syntax error: missing ';' before '*'
d:\faculta\sem2\object oriented programming\labs\lab4\lab4 dynamic\header.h(38): error C2371: 'lastPerformedOperation': redefinition; different basic types
  d:\faculta\sem2\object oriented programming\labs\lab4\lab4 dynamic\undo+redo.h(9): note: see declaration of 'lastPerformedOperation'
d:\faculta\sem2\object oriented programming\labs\lab4\lab4 dynamic\header.h(38): error C2059: syntax error: ')'
d:\faculta\sem2\object oriented programming\labs\lab4\lab4 dynamic\header.h(40): error C2143: syntax error: missing ')' before '*'
d:\faculta\sem2\object oriented programming\labs\lab4\lab4 dynamic\header.h(40): error C2143: syntax error: missing '{' before '*'
d:\faculta\sem2\object oriented programming\labs\lab4\lab4 dynamic\header.h(40): error C2143: syntax error: missing ';' before '*'
d:\faculta\sem2\object oriented programming\labs\lab4\lab4 dynamic\header.h(40): error C2371: 'lastPerformedOperation': redefinition; different basic types
  d:\faculta\sem2\object oriented programming\labs\lab4\lab4 dynamic\undo+redo.h(9): note: see declaration of 'lastPerformedOperation'
d:\faculta\sem2\object oriented programming\labs\lab4\lab4 dynamic\header.h(40): error C2059: syntax error: ')'
d:\faculta\sem2\object oriented programming\labs\lab4\lab4 dynamic\header.h(42): error C2143: syntax error: missing ')' before '*'
d:\faculta\sem2\object oriented programming\labs\lab4\lab4 dynamic\header.h(42): error C2143: syntax error: missing '{' before '*'
d:\faculta\sem2\object oriented programming\labs\lab4\lab4 dynamic\header.h(42): error C2059: syntax error: 'type'
d:\faculta\sem2\object oriented programming\labs\lab4\lab4 dynamic\header.h(42): error C2059: syntax error: ')'
d:\faculta\sem2\object oriented programming\labs\lab4\lab4 dynamic\dynamicarray.c(8): error C2143: syntax error: missing '{' before '*'
d:\faculta\sem2\object oriented programming\labs\lab4\lab4 dynamic\dynamicarray.c(10): error C2297: '*': illegal, right operand has type 'int *'
d:\faculta\sem2\object oriented programming\labs\lab4\lab4 dynamic\dynamicarray.c(11): error C2059: syntax error: ')'
d:\faculta\sem2\object oriented programming\labs\lab4\lab4 dynamic\dynamicarray.c(13): error C2223: left of '->signals' must point to struct/union
d:\faculta\sem2\object oriented programming\labs\lab4\lab4 dynamic\dynamicarray.c(15): error C2223: left of '->number_of_signals' must point to struct/union
d:\faculta\sem2\object oriented programming\labs\lab4\lab4 dynamic\dynamicarray.c(16): error C2223: left of '->capacity' must point to struct/union
d:\faculta\sem2\object oriented programming\labs\lab4\lab4 dynamic\dynamicarray.c(21): error C2143: syntax error: missing ')' before '*'
d:\faculta\sem2\object oriented programming\labs\lab4\lab4 dynamic\dynamicarray.c(21): error C2143: syntax error: missing '{' before '*'
d:\faculta\sem2\object oriented programming\labs\lab4\lab4 dynamic\dynamicarray.c(21): error C2059: syntax error: ')'
d:\faculta\sem2\object oriented programming\labs\lab4\lab4 dynamic\dynamicarray.c(22): error C2054: expected '(' to follow 'signalData'
d:\faculta\sem2\object oriented programming\labs\lab4\lab4 dynamic\dynamicarray.c(36): error C2143: syntax error: missing ')' before '*'
d:\faculta\sem2\object oriented programming\labs\lab4\lab4 dynamic\dynamicarray.c(36): error C2143: syntax error: missing '{' before '*'
d:\faculta\sem2\object oriented programming\labs\lab4\lab4 dynamic\dynamicarray.c(36): error C2371: 'signal': redefinition; different basic types
  d:\faculta\sem2\object oriented programming\labs\lab4\lab4 dynamic\header.h(14): note: see declaration of 'signal'
d:\faculta\sem2\object oriented programming\labs\lab4\lab4 dynamic\dynamicarray.c(36): error C2146: syntax error: missing ';' before identifier 'newSignal'
d:\faculta\sem2\object oriented programming\labs\lab4\lab4 dynamic\dynamicarray.c(36): error C2059: syntax error: ')'
d:\faculta\sem2\object oriented programming\labs\lab4\lab4 dynamic\dynamicarray.c(37): error C2054: expected '(' to follow 'newSignal'
d:\faculta\sem2\object oriented programming\labs\lab4\lab4 dynamic\dynamicarray.c(46): error C2143: syntax error: missing ')' before '*'
d:\faculta\sem2\object oriented programming\labs\lab4\lab4 dynamic\dynamicarray.c(46): error C2143: syntax error: missing '{' before '*'
d:\faculta\sem2\object oriented programming\labs\lab4\lab4 dynamic\dynamicarray.c(46): error C2059: syntax error: 'type'
d:\faculta\sem2\object oriented programming\labs\lab4\lab4 dynamic\dynamicarray.c(46): error C2059: syntax error: ')'
d:\faculta\sem2\object oriented programming\labs\lab4\lab4 dynamic\dynamicarray.c(59): error C2143: syntax error: missing ')' before '*'
d:\faculta\sem2\object oriented programming\labs\lab4\lab4 dynamic\dynamicarray.c(59): error C2143: syntax error: missing '{' before '*'
d:\faculta\sem2\object oriented programming\labs\lab4\lab4 dynamic\dynamicarray.c(59): error C2059: syntax error: ')'
d:\faculta\sem2\object oriented programming\labs\lab4\lab4 dynamic\dynamicarray.c(60): error C2054: expected '(' to follow 'signalData'
d:\faculta\sem2\object oriented programming\labs\lab4\lab4 dynamic\dynamicarray.c(70): error C2143: syntax error: missing ')' before '*'
d:\faculta\sem2\object oriented programming\labs\lab4\lab4 dynamic\dynamicarray.c(70): error C2143: syntax error: missing '{' before '*'
d:\faculta\sem2\object oriented programming\labs\lab4\lab4 dynamic\dynamicarray.c(70): error C2059: syntax error: ')'
d:\faculta\sem2\object oriented programming\labs\lab4\lab4 dynamic\dynamicarray.c(71): error C2054: expected '(' to follow 'signalData'
d:\faculta\sem2\object oriented programming\labs\lab4\lab4 dynamic\dynamicarray.c(81): error C2143: syntax error: missing ')' before '*'
d:\faculta\sem2\object oriented programming\labs\lab4\lab4 dynamic\dynamicarray.c(81): error C2143: syntax error: missing '{' before '*'
d:\faculta\sem2\object oriented programming\labs\lab4\lab4 dynamic\dynamicarray.c(81): error C2059: syntax error: 'type'
d:\faculta\sem2\object oriented programming\labs\lab4\lab4 dynamic\dynamicarray.c(81): error C2059: syntax error: ')'
  controller.c
d:\faculta\sem2\object oriented programming\labs\lab4\lab4 dynamic\undo+redo.h(13): error C2143: syntax error: missing ')' before '*'
d:\faculta\sem2\object oriented programming\labs\lab4\lab4 dynamic\undo+redo.h(13): error C2143: syntax error: missing '{' before '*'
d:\faculta\sem2\object oriented programming\labs\lab4\lab4 dynamic\undo+redo.h(13): error C2059: syntax error: ','
d:\faculta\sem2\object oriented programming\labs\lab4\lab4 dynamic\undo+redo.h(13): error C2059: syntax error: ')'
d:\faculta\sem2\object oriented programming\labs\lab4\lab4 dynamic\undo+redo.h(15): error C2143: syntax error: missing ')' before '*'
d:\faculta\sem2\object oriented programming\labs\lab4\lab4 dynamic\undo+redo.h(15): error C2143: syntax error: missing '{' before '*'
d:\faculta\sem2\object oriented programming\labs\lab4\lab4 dynamic\undo+redo.h(15): error C2143: syntax error: missing ';' before '*'
d:\faculta\sem2\object oriented programming\labs\lab4\lab4 dynamic\undo+redo.h(15): error C2059: syntax error: ')'
d:\faculta\sem2\object oriented programming\labs\lab4\lab4 dynamic\undo+redo.h(17): error C2143: syntax error: missing ')' before '*'
d:\faculta\sem2\object oriented programming\labs\lab4\lab4 dynamic\undo+redo.h(17): error C2143: syntax error: missing '{' before '*'
d:\faculta\sem2\object oriented programming\labs\lab4\lab4 dynamic\undo+redo.h(17): error C2143: syntax error: missing ';' before '*'
d:\faculta\sem2\object oriented programming\labs\lab4\lab4 dynamic\undo+redo.h(17): error C2371: 'lastPerformedOperation': redefinition; different basic types
  d:\faculta\sem2\object oriented programming\labs\lab4\lab4 dynamic\undo+redo.h(9): note: see declaration of 'lastPerformedOperation'
d:\faculta\sem2\object oriented programming\labs\lab4\lab4 dynamic\undo+redo.h(17): error C2059: syntax error: ')'
d:\faculta\sem2\object oriented programming\labs\lab4\lab4 dynamic\header.h(20): error C2371: 'DynamicSignals': redefinition; different basic types
  d:\faculta\sem2\object oriented programming\labs\lab4\lab4 dynamic\undo+redo.h(17): note: see declaration of 'DynamicSignals'
d:\faculta\sem2\object oriented programming\labs\lab4\lab4 dynamic\header.h(22): error C2143: syntax error: missing ')' before '*'
d:\faculta\sem2\object oriented programming\labs\lab4\lab4 dynamic\header.h(22): error C2143: syntax error: missing '{' before '*'
d:\faculta\sem2\object oriented programming\labs\lab4\lab4 dynamic\header.h(22): error C2059: syntax error: ')'
d:\faculta\sem2\object oriented programming\labs\lab4\lab4 dynamic\header.h(24): error C2143: syntax error: missing ')' before '*'
d:\faculta\sem2\object oriented programming\labs\lab4\lab4 dynamic\header.h(24): error C2143: syntax error: missing '{' before '*'
d:\faculta\sem2\object oriented programming\labs\lab4\lab4 dynamic\header.h(24): error C2059: syntax error: 'type'
d:\faculta\sem2\object oriented programming\labs\lab4\lab4 dynamic\header.h(24): error C2059: syntax error: ')'
d:\faculta\sem2\object oriented programming\labs\lab4\lab4 dynamic\header.h(26): error C2143: syntax error: missing '{' before '*'
d:\faculta\sem2\object oriented programming\labs\lab4\lab4 dynamic\header.h(28): error C2143: syntax error: missing ')' before '*'
d:\faculta\sem2\object oriented programming\labs\lab4\lab4 dynamic\header.h(28): error C2143: syntax error: missing '{' before '*'
d:\faculta\sem2\object oriented programming\labs\lab4\lab4 dynamic\header.h(28): error C2059: syntax error: ','
d:\faculta\sem2\object oriented programming\labs\lab4\lab4 dynamic\header.h(28): error C2059: syntax error: ')'
d:\faculta\sem2\object oriented programming\labs\lab4\lab4 dynamic\header.h(30): error C2143: syntax error: missing ')' before '*'
d:\faculta\sem2\object oriented programming\labs\lab4\lab4 dynamic\header.h(30): error C2143: syntax error: missing '{' before '*'
d:\faculta\sem2\object oriented programming\labs\lab4\lab4 dynamic\header.h(30): error C2059: syntax error: ','
d:\faculta\sem2\object oriented programming\labs\lab4\lab4 dynamic\header.h(30): error C2059: syntax error: ')'
d:\faculta\sem2\object oriented programming\labs\lab4\lab4 dynamic\header.h(32): error C2143: syntax error: missing ')' before '*'
d:\faculta\sem2\object oriented programming\labs\lab4\lab4 dynamic\header.h(32): error C2143: syntax error: missing '{' before '*'
d:\faculta\sem2\object oriented programming\labs\lab4\lab4 dynamic\header.h(32): error C2059: syntax error: ')'
d:\faculta\sem2\object oriented programming\labs\lab4\lab4 dynamic\header.h(32): error C2059: syntax error: ';'
d:\faculta\sem2\object oriented programming\labs\lab4\lab4 dynamic\header.h(34): error C2143: syntax error: missing ')' before '*'
d:\faculta\sem2\object oriented programming\labs\lab4\lab4 dynamic\header.h(34): error C2143: syntax error: missing '{' before '*'
d:\faculta\sem2\object oriented programming\labs\lab4\lab4 dynamic\header.h(34): error C2059: syntax error: ')'
d:\faculta\sem2\object oriented programming\labs\lab4\lab4 dynamic\header.h(36): error C2143: syntax error: missing ')' before '*'
d:\faculta\sem2\object oriented programming\labs\lab4\lab4 dynamic\header.h(36): error C2143: syntax error: missing '{' before '*'
d:\faculta\sem2\object oriented programming\labs\lab4\lab4 dynamic\header.h(36): error C2059: syntax error: 'type'
d:\faculta\sem2\object oriented programming\labs\lab4\lab4 dynamic\header.h(36): error C2059: syntax error: ')'
d:\faculta\sem2\object oriented programming\labs\lab4\lab4 dynamic\header.h(38): error C2143: syntax error: missing ')' before '*'
d:\faculta\sem2\object oriented programming\labs\lab4\lab4 dynamic\header.h(38): error C2143: syntax error: missing '{' before '*'
d:\faculta\sem2\object oriented programming\labs\lab4\lab4 dynamic\header.h(38): error C2143: syntax error: missing ';' before '*'
d:\faculta\sem2\object oriented programming\labs\lab4\lab4 dynamic\header.h(38): error C2371: 'lastPerformedOperation': redefinition; different basic types
  d:\faculta\sem2\object oriented programming\labs\lab4\lab4 dynamic\undo+redo.h(9): note: see declaration of 'lastPerformedOperation'
d:\faculta\sem2\object oriented programming\labs\lab4\lab4 dynamic\header.h(38): error C2059: syntax error: ')'
d:\faculta\sem2\object oriented programming\labs\lab4\lab4 dynamic\header.h(40): error C2143: syntax error: missing ')' before '*'
d:\faculta\sem2\object oriented programming\labs\lab4\lab4 dynamic\header.h(40): error C2143: syntax error: missing '{' before '*'
d:\faculta\sem2\object oriented programming\labs\lab4\lab4 dynamic\header.h(40): error C2143: syntax error: missing ';' before '*'
d:\faculta\sem2\object oriented programming\labs\lab4\lab4 dynamic\header.h(40): error C2371: 'lastPerformedOperation': redefinition; different basic types
  d:\faculta\sem2\object oriented programming\labs\lab4\lab4 dynamic\undo+redo.h(9): note: see declaration of 'lastPerformedOperation'
d:\faculta\sem2\object oriented programming\labs\lab4\lab4 dynamic\header.h(40): error C2059: syntax error: ')'
d:\faculta\sem2\object oriented programming\labs\lab4\lab4 dynamic\header.h(42): error C2143: syntax error: missing ')' before '*'
d:\faculta\sem2\object oriented programming\labs\lab4\lab4 dynamic\header.h(42): error C2143: syntax error: missing '{' before '*'
d:\faculta\sem2\object oriented programming\labs\lab4\lab4 dynamic\header.h(42): error C2059: syntax error: 'type'
d:\faculta\sem2\object oriented programming\labs\lab4\lab4 dynamic\header.h(42): error C2059: syntax error: ')'
d:\faculta\sem2\object oriented programming\labs\lab4\lab4 dynamic\controller.c(38): error C2143: syntax error: missing ')' before '*'
d:\faculta\sem2\object oriented programming\labs\lab4\lab4 dynamic\controller.c(38): error C2143: syntax error: missing '{' before '*'
d:\faculta\sem2\object oriented programming\labs\lab4\lab4 dynamic\controller.c(38): error C2059: syntax error: 'type'
d:\faculta\sem2\object oriented programming\labs\lab4\lab4 dynamic\controller.c(38): error C2059: syntax error: ')'
d:\faculta\sem2\object oriented programming\labs\lab4\lab4 dynamic\controller.c(46): error C2143: syntax error: missing ')' before '*'
d:\faculta\sem2\object oriented programming\labs\lab4\lab4 dynamic\controller.c(46): error C2143: syntax error: missing '{' before '*'
d:\faculta\sem2\object oriented programming\labs\lab4\lab4 dynamic\controller.c(46): error C2143: syntax error: missing ';' before '*'
d:\faculta\sem2\object oriented programming\labs\lab4\lab4 dynamic\controller.c(46): error C2371: 'lastPerformedOperation': redefinition; different basic types
  d:\faculta\sem2\object oriented programming\labs\lab4\lab4 dynamic\undo+redo.h(9): note: see declaration of 'lastPerformedOperation'
d:\faculta\sem2\object oriented programming\labs\lab4\lab4 dynamic\controller.c(46): error C2059: syntax error: 'type'
d:\faculta\sem2\object oriented programming\labs\lab4\lab4 dynamic\controller.c(46): error C2059: syntax error: ')'
d:\faculta\sem2\object oriented programming\labs\lab4\lab4 dynamic\controller.c(62): error C2143: syntax error: missing ')' before '*'
d:\faculta\sem2\object oriented programming\labs\lab4\lab4 dynamic\controller.c(62): error C2143: syntax error: missing '{' before '*'
d:\faculta\sem2\object oriented programming\labs\lab4\lab4 dynamic\controller.c(62): error C2143: syntax error: missing ';' before '*'
d:\faculta\sem2\object oriented programming\labs\lab4\lab4 dynamic\controller.c(62): error C2371: 'lastPerformedOperation': redefinition; different basic types
  d:\faculta\sem2\object oriented programming\labs\lab4\lab4 dynamic\undo+redo.h(9): note: see declaration of 'lastPerformedOperation'
d:\faculta\sem2\object oriented programming\labs\lab4\lab4 dynamic\controller.c(62): error C2059: syntax error: 'type'
d:\faculta\sem2\object oriented programming\labs\lab4\lab4 dynamic\controller.c(62): error C2059: syntax error: ')'
d:\faculta\sem2\object oriented programming\labs\lab4\lab4 dynamic\controller.c(76): error C2143: syntax error: missing ')' before '*'
d:\faculta\sem2\object oriented programming\labs\lab4\lab4 dynamic\controller.c(76): error C2143: syntax error: missing '{' before '*'
d:\faculta\sem2\object oriented programming\labs\lab4\lab4 dynamic\controller.c(76): error C2143: syntax error: missing ';' before '*'
d:\faculta\sem2\object oriented programming\labs\lab4\lab4 dynamic\controller.c(76): error C2371: 'lastPerformedOperation': redefinition; different basic types
  d:\faculta\sem2\object oriented programming\labs\lab4\lab4 dynamic\undo+redo.h(9): note: see declaration of 'lastPerformedOperation'
d:\faculta\sem2\object oriented programming\labs\lab4\lab4 dynamic\controller.c(76): error C2059: syntax error: 'type'
d:\faculta\sem2\object oriented programming\labs\lab4\lab4 dynamic\controller.c(76): error C2059: syntax error: ')'
d:\faculta\sem2\object oriented programming\labs\lab4\lab4 dynamic\controller.c(88): error C2143: syntax error: missing ')' before '*'
d:\faculta\sem2\object oriented programming\labs\lab4\lab4 dynamic\controller.c(88): error C2143: syntax error: missing '{' before '*'
d:\faculta\sem2\object oriented programming\labs\lab4\lab4 dynamic\controller.c(88): error C2059: syntax error: ')'
d:\faculta\sem2\object oriented programming\labs\lab4\lab4 dynamic\controller.c(89): error C2054: expected '(' to follow 'signalData'
d:\faculta\sem2\object oriented programming\labs\lab4\lab4 dynamic\controller.c(95): error C2143: syntax error: missing ')' before '*'
d:\faculta\sem2\object oriented programming\labs\lab4\lab4 dynamic\controller.c(95): error C2143: syntax error: missing '{' before '*'
d:\faculta\sem2\object oriented programming\labs\lab4\lab4 dynamic\controller.c(95): error C2059: syntax error: 'type'
d:\faculta\sem2\object oriented programming\labs\lab4\lab4 dynamic\controller.c(95): error C2059: syntax error: ')'
d:\faculta\sem2\object oriented programming\labs\lab4\lab4 dynamic\controller.c(103): error C2143: syntax error: missing ')' before '*'
d:\faculta\sem2\object oriented programming\labs\lab4\lab4 dynamic\controller.c(103): error C2143: syntax error: missing '{' before '*'
d:\faculta\sem2\object oriented programming\labs\lab4\lab4 dynamic\controller.c(103): error C2059: syntax error: ')'
d:\faculta\sem2\object oriented programming\labs\lab4\lab4 dynamic\controller.c(104): error C2054: expected '(' to follow 'signalData'
d:\faculta\sem2\object oriented programming\labs\lab4\lab4 dynamic\controller.c(117): error C2143: syntax error: missing ')' before '*'
d:\faculta\sem2\object oriented programming\labs\lab4\lab4 dynamic\controller.c(117): error C2143: syntax error: missing '{' before '*'
d:\faculta\sem2\object oriented programming\labs\lab4\lab4 dynamic\controller.c(117): error C2059: syntax error: 'type'
d:\faculta\sem2\object oriented programming\labs\lab4\lab4 dynamic\controller.c(117): error C2059: syntax error: ')'
d:\faculta\sem2\object oriented programming\labs\lab4\lab4 dynamic\controller.c(129): error C2143: syntax error: missing ')' before '*'
d:\faculta\sem2\object oriented programming\labs\lab4\lab4 dynamic\controller.c(129): error C2143: syntax error: missing '{' before '*'
d:\faculta\sem2\object oriented programming\labs\lab4\lab4 dynamic\controller.c(129): error C2143: syntax error: missing ';' before '*'
d:\faculta\sem2\object oriented programming\labs\lab4\lab4 dynamic\controller.c(129): error C2059: syntax error: ')'
d:\faculta\sem2\object oriented programming\labs\lab4\lab4 dynamic\controller.c(130): error C2054: expected '(' to follow 'newList'
d:\faculta\sem2\object oriented programming\labs\lab4\lab4 dynamic\controller.c(149): error C2143: syntax error: missing ')' before '*'
d:\faculta\sem2\object oriented programming\labs\lab4\lab4 dynamic\controller.c(149): error C2143: syntax error: missing '{' before '*'
d:\faculta\sem2\object oriented programming\labs\lab4\lab4 dynamic\controller.c(149): error C2143: syntax error: missing ';' before '*'
d:\faculta\sem2\object oriented programming\labs\lab4\lab4 dynamic\controller.c(149): fatal error C1003: error count exceeds 100; stopping compilation
  Generating Code...
